[[[自动注册扩展缓存完成]]]
[2019/02/10 15:11:06.1589]
[线程：1]
注册总用时：0.003ms
自动扫描程序集：0个
扩展缓存：

[[[系统日志]]]
[2019/02/10 15:11:06.1615]
[线程：1]
SenparcCoreFramework 系统启动

[[[微信扩展缓存注册完成]]]
[2019/02/10 15:11:06.1882]
[线程：1]
微信扩展缓存注册总用时：0.007ms
扩展缓存：Senparc.Weixin.Cache.LocalContainerCacheStrategy

[[[自动注册扩展缓存完成]]]
[2019/02/10 15:12:54.2866]
[线程：1]
注册总用时：0.0026ms
自动扫描程序集：0个
扩展缓存：

[[[系统日志]]]
[2019/02/10 15:12:55.7887]
[线程：1]
SenparcCoreFramework 系统启动

[[[微信扩展缓存注册完成]]]
[2019/02/10 15:12:55.8066]
[线程：1]
微信扩展缓存注册总用时：0.0035ms
扩展缓存：Senparc.Weixin.Cache.LocalContainerCacheStrategy

[[[自动注册扩展缓存完成]]]
[2019/02/10 15:13:55.2151]
[线程：1]
注册总用时：0.0028ms
自动扫描程序集：0个
扩展缓存：

[[[系统日志]]]
[2019/02/10 15:13:55.2188]
[线程：1]
SenparcCoreFramework 系统启动

[[[微信扩展缓存注册完成]]]
[2019/02/10 15:13:55.2410]
[线程：1]
微信扩展缓存注册总用时：0.0038ms
扩展缓存：Senparc.Weixin.Cache.LocalContainerCacheStrategy

[[[自动注册扩展缓存完成]]]
[2019/02/10 15:16:49.2771]
[线程：1]
注册总用时：0.0025ms
自动扫描程序集：0个
扩展缓存：

[[[系统日志]]]
[2019/02/10 15:16:49.2847]
[线程：1]
SenparcCoreFramework 系统启动

[[[微信扩展缓存注册完成]]]
[2019/02/10 15:16:49.3040]
[线程：1]
微信扩展缓存注册总用时：0.0035ms
扩展缓存：Senparc.Weixin.Cache.LocalContainerCacheStrategy

